Started GET "/items" for ::1 at 2020-06-12 10:17:35 -0500
Started GET "/getuser" for ::1 at 2020-06-12 10:17:35 -0500
  [1m[35m (1.3ms)[0m  [1m[34mSELECT sqlite_version(*)[0m
  [1m[35m (0.5ms)[0m  [1m[34mSELECT "schema_migrations"."version" FROM "schema_migrations" ORDER BY "schema_migrations"."version" ASC[0m
Processing by UsersController#get_user as */*
  [1m[35m (0.1ms)[0m  [1m[34mSELECT sqlite_version(*)[0m
  [1m[36mUser Load (1.3ms)[0m  [1m[34mSELECT "users".* FROM "users" WHERE "users"."id" = ? LIMIT ?[0m  [["id", 30], ["LIMIT", 1]]
  ↳ app/controllers/application_controller.rb:4:in `current_user'
Processing by ItemsController#index as */*
  [1m[36mItem Load (0.6ms)[0m  [1m[34mSELECT "items".* FROM "items"[0m
  ↳ app/controllers/items_controller.rb:4:in `index'
  [1m[36mCACHE User Load (0.2ms)[0m  [1m[34mSELECT "users".* FROM "users" WHERE "users"."id" = ? LIMIT ?[0m  [["id", 30], ["LIMIT", 1]]
Completed 200 OK in 56ms (Views: 47.5ms | ActiveRecord: 2.2ms | Allocations: 15092)


  ↳ app/controllers/application_controller.rb:4:in `current_user'
  [1m[36mCart Load (0.3ms)[0m  [1m[34mSELECT "carts".* FROM "carts" WHERE "carts"."user_id" = ? LIMIT ?[0m  [["user_id", 30], ["LIMIT", 1]]
  ↳ app/controllers/users_controller.rb:37:in `get_user'
  [1m[36mCartItem Load (0.3ms)[0m  [1m[34mSELECT "cart_items".* FROM "cart_items" WHERE "cart_items"."cart_id" = ?[0m  [["cart_id", 5]]
  ↳ app/controllers/users_controller.rb:37:in `get_user'
  [1m[36mItem Load (0.2ms)[0m  [1m[34mSELECT "items".* FROM "items" WHERE "items"."id" = ? LIMIT ?[0m  [["id", 10], ["LIMIT", 1]]
  ↳ app/controllers/users_controller.rb:37:in `get_user'
Completed 200 OK in 541ms (Views: 0.4ms | ActiveRecord: 5.9ms | Allocations: 40501)


Started GET "/items" for ::1 at 2020-06-12 10:18:52 -0500
Processing by ItemsController#index as */*
  [1m[36mItem Load (0.3ms)[0m  [1m[34mSELECT "items".* FROM "items"[0m
  ↳ app/controllers/items_controller.rb:4:in `index'
Completed 200 OK in 9ms (Views: 8.2ms | ActiveRecord: 0.3ms | Allocations: 3047)


Started GET "/getuser" for ::1 at 2020-06-12 10:18:52 -0500
Processing by UsersController#get_user as */*
  [1m[36mUser Load (0.2ms)[0m  [1m[34mSELECT "users".* FROM "users" WHERE "users"."id" = ? LIMIT ?[0m  [["id", 30], ["LIMIT", 1]]
  ↳ app/controllers/application_controller.rb:4:in `current_user'
  [1m[36mCACHE User Load (0.0ms)[0m  [1m[34mSELECT "users".* FROM "users" WHERE "users"."id" = ? LIMIT ?[0m  [["id", 30], ["LIMIT", 1]]
  ↳ app/controllers/application_controller.rb:4:in `current_user'
  [1m[36mCart Load (0.1ms)[0m  [1m[34mSELECT "carts".* FROM "carts" WHERE "carts"."user_id" = ? LIMIT ?[0m  [["user_id", 30], ["LIMIT", 1]]
  ↳ app/controllers/users_controller.rb:37:in `get_user'
  [1m[36mCartItem Load (0.2ms)[0m  [1m[34mSELECT "cart_items".* FROM "cart_items" WHERE "cart_items"."cart_id" = ?[0m  [["cart_id", 5]]
  ↳ app/controllers/users_controller.rb:37:in `get_user'
  [1m[36mItem Load (0.1ms)[0m  [1m[34mSELECT "items".* FROM "items" WHERE "items"."id" = ? LIMIT ?[0m  [["id", 10], ["LIMIT", 1]]
  ↳ app/controllers/users_controller.rb:37:in `get_user'
Completed 200 OK in 11ms (Views: 1.1ms | ActiveRecord: 0.6ms | Allocations: 4001)


Started GET "/items" for ::1 at 2020-06-12 10:21:23 -0500
Started GET "/getuser" for ::1 at 2020-06-12 10:21:23 -0500
Processing by ItemsController#index as */*
Processing by UsersController#get_user as */*
  [1m[36mUser Load (0.4ms)[0m  [1m[34mSELECT "users".* FROM "users" WHERE "users"."id" = ? LIMIT ?[0m  [["id", 30], ["LIMIT", 1]]
  [1m[36mItem Load (5.9ms)[0m  [1m[34mSELECT "items".* FROM "items"[0m
  ↳ app/controllers/items_controller.rb:4:in `index'
  ↳ app/controllers/application_controller.rb:4:in `current_user'
Completed 200 OK in 30ms (Views: 21.6ms | ActiveRecord: 5.9ms | Allocations: 3948)


  [1m[36mCACHE User Load (0.0ms)[0m  [1m[34mSELECT "users".* FROM "users" WHERE "users"."id" = ? LIMIT ?[0m  [["id", 30], ["LIMIT", 1]]
  ↳ app/controllers/application_controller.rb:4:in `current_user'
  [1m[36mCart Load (1.7ms)[0m  [1m[34mSELECT "carts".* FROM "carts" WHERE "carts"."user_id" = ? LIMIT ?[0m  [["user_id", 30], ["LIMIT", 1]]
  ↳ app/controllers/users_controller.rb:37:in `get_user'
  [1m[36mCartItem Load (0.3ms)[0m  [1m[34mSELECT "cart_items".* FROM "cart_items" WHERE "cart_items"."cart_id" = ?[0m  [["cart_id", 5]]
  ↳ app/controllers/users_controller.rb:37:in `get_user'
  [1m[36mItem Load (0.4ms)[0m  [1m[34mSELECT "items".* FROM "items" WHERE "items"."id" = ? LIMIT ?[0m  [["id", 10], ["LIMIT", 1]]
  ↳ app/controllers/users_controller.rb:37:in `get_user'
Completed 200 OK in 37ms (Views: 1.3ms | ActiveRecord: 2.8ms | Allocations: 7100)


Started GET "/items" for ::1 at 2020-06-12 10:36:29 -0500
Started GET "/getuser" for ::1 at 2020-06-12 10:36:29 -0500
  [1m[35m (0.5ms)[0m  [1m[34mSELECT sqlite_version(*)[0m
  [1m[35m (0.1ms)[0m  [1m[34mSELECT sqlite_version(*)[0m
Processing by UsersController#get_user as */*
  [1m[36mUser Load (0.9ms)[0m  [1m[34mSELECT "users".* FROM "users" WHERE "users"."id" = ? LIMIT ?[0m  [["id", 30], ["LIMIT", 1]]
Processing by ItemsController#index as */*
  ↳ app/controllers/application_controller.rb:4:in `current_user'
  [1m[36mCACHE User Load (0.0ms)[0m  [1m[34mSELECT "users".* FROM "users" WHERE "users"."id" = ? LIMIT ?[0m  [["id", 30], ["LIMIT", 1]]
  [1m[36mItem Load (0.6ms)[0m  [1m[34mSELECT "items".* FROM "items"[0m
  ↳ app/controllers/application_controller.rb:4:in `current_user'
  ↳ app/controllers/items_controller.rb:4:in `index'
  [1m[36mCart Load (0.5ms)[0m  [1m[34mSELECT "carts".* FROM "carts" WHERE "carts"."user_id" = ? LIMIT ?[0m  [["user_id", 30], ["LIMIT", 1]]
Completed 200 OK in 29ms (Views: 27.1ms | ActiveRecord: 0.6ms | Allocations: 3730)


  ↳ app/controllers/users_controller.rb:37:in `get_user'
  [1m[36mCartItem Load (0.6ms)[0m  [1m[34mSELECT "cart_items".* FROM "cart_items" WHERE "cart_items"."cart_id" = ?[0m  [["cart_id", 5]]
  ↳ app/controllers/users_controller.rb:37:in `get_user'
  [1m[36mItem Load (0.2ms)[0m  [1m[34mSELECT "items".* FROM "items" WHERE "items"."id" = ? LIMIT ?[0m  [["id", 10], ["LIMIT", 1]]
  ↳ app/controllers/users_controller.rb:37:in `get_user'
Completed 200 OK in 71ms (Views: 1.0ms | ActiveRecord: 2.2ms | Allocations: 7512)


Started GET "/items" for ::1 at 2020-06-12 10:38:23 -0500
Processing by ItemsController#index as */*
Started GET "/getuser" for ::1 at 2020-06-12 10:38:23 -0500
  [1m[36mItem Load (2.0ms)[0m  [1m[34mSELECT "items".* FROM "items"[0m
Processing by UsersController#get_user as */*
  ↳ app/controllers/items_controller.rb:4:in `index'
  [1m[36mUser Load (0.5ms)[0m  [1m[34mSELECT "users".* FROM "users" WHERE "users"."id" = ? LIMIT ?[0m  [["id", 30], ["LIMIT", 1]]
Completed 200 OK in 31ms (Views: 25.4ms | ActiveRecord: 2.0ms | Allocations: 3819)


  ↳ app/controllers/application_controller.rb:4:in `current_user'
  [1m[36mCACHE User Load (0.0ms)[0m  [1m[34mSELECT "users".* FROM "users" WHERE "users"."id" = ? LIMIT ?[0m  [["id", 30], ["LIMIT", 1]]
  ↳ app/controllers/application_controller.rb:4:in `current_user'
  [1m[36mCart Load (0.4ms)[0m  [1m[34mSELECT "carts".* FROM "carts" WHERE "carts"."user_id" = ? LIMIT ?[0m  [["user_id", 30], ["LIMIT", 1]]
  ↳ app/controllers/users_controller.rb:37:in `get_user'
  [1m[36mCartItem Load (0.2ms)[0m  [1m[34mSELECT "cart_items".* FROM "cart_items" WHERE "cart_items"."cart_id" = ?[0m  [["cart_id", 5]]
  ↳ app/controllers/users_controller.rb:37:in `get_user'
  [1m[36mItem Load (0.3ms)[0m  [1m[34mSELECT "items".* FROM "items" WHERE "items"."id" = ? LIMIT ?[0m  [["id", 10], ["LIMIT", 1]]
  ↳ app/controllers/users_controller.rb:37:in `get_user'
Completed 200 OK in 34ms (Views: 1.2ms | ActiveRecord: 1.5ms | Allocations: 6484)


Started GET "/items" for ::1 at 2020-06-12 10:40:46 -0500
Started GET "/getuser" for ::1 at 2020-06-12 10:40:46 -0500
  [1m[35m (0.1ms)[0m  [1m[34mSELECT sqlite_version(*)[0m
Processing by ItemsController#index as */*
  [1m[36mItem Load (0.3ms)[0m  [1m[34mSELECT "items".* FROM "items"[0m
  ↳ app/controllers/items_controller.rb:4:in `index'
Completed 200 OK in 41ms (Views: 31.8ms | ActiveRecord: 1.3ms | Allocations: 14665)


  [1m[35m (0.1ms)[0m  [1m[34mSELECT sqlite_version(*)[0m
Processing by UsersController#get_user as */*
  [1m[36mUser Load (0.3ms)[0m  [1m[34mSELECT "users".* FROM "users" WHERE "users"."id" = ? LIMIT ?[0m  [["id", 30], ["LIMIT", 1]]
  ↳ app/controllers/application_controller.rb:4:in `current_user'
  [1m[36mCACHE User Load (0.0ms)[0m  [1m[34mSELECT "users".* FROM "users" WHERE "users"."id" = ? LIMIT ?[0m  [["id", 30], ["LIMIT", 1]]
  ↳ app/controllers/application_controller.rb:4:in `current_user'
  [1m[36mCart Load (0.2ms)[0m  [1m[34mSELECT "carts".* FROM "carts" WHERE "carts"."user_id" = ? LIMIT ?[0m  [["user_id", 30], ["LIMIT", 1]]
  ↳ app/controllers/users_controller.rb:37:in `get_user'
  [1m[36mCartItem Load (0.2ms)[0m  [1m[34mSELECT "cart_items".* FROM "cart_items" WHERE "cart_items"."cart_id" = ?[0m  [["cart_id", 5]]
  ↳ app/controllers/users_controller.rb:37:in `get_user'
  [1m[36mItem Load (0.8ms)[0m  [1m[34mSELECT "items".* FROM "items" WHERE "items"."id" = ? LIMIT ?[0m  [["id", 10], ["LIMIT", 1]]
  ↳ app/controllers/users_controller.rb:37:in `get_user'
Completed 200 OK in 106ms (Views: 0.7ms | ActiveRecord: 7.9ms | Allocations: 30982)


Started GET "/items" for ::1 at 2020-06-12 10:46:06 -0500
Started GET "/getuser" for ::1 at 2020-06-12 10:46:06 -0500
Processing by UsersController#get_user as */*
  [1m[35m (0.8ms)[0m  [1m[34mSELECT sqlite_version(*)[0m
  [1m[36mUser Load (0.9ms)[0m  [1m[34mSELECT "users".* FROM "users" WHERE "users"."id" = ? LIMIT ?[0m  [["id", 30], ["LIMIT", 1]]
  ↳ app/controllers/application_controller.rb:4:in `current_user'
  [1m[36mCACHE User Load (0.0ms)[0m  [1m[34mSELECT "users".* FROM "users" WHERE "users"."id" = ? LIMIT ?[0m  [["id", 30], ["LIMIT", 1]]
  ↳ app/controllers/application_controller.rb:4:in `current_user'
  [1m[36mCart Load (0.3ms)[0m  [1m[34mSELECT "carts".* FROM "carts" WHERE "carts"."user_id" = ? LIMIT ?[0m  [["user_id", 30], ["LIMIT", 1]]
  ↳ app/controllers/users_controller.rb:37:in `get_user'
  [1m[36mCartItem Load (0.5ms)[0m  [1m[34mSELECT "cart_items".* FROM "cart_items" WHERE "cart_items"."cart_id" = ?[0m  [["cart_id", 5]]
  ↳ app/controllers/users_controller.rb:37:in `get_user'
  [1m[36mItem Load (0.9ms)[0m  [1m[34mSELECT "items".* FROM "items" WHERE "items"."id" = ? LIMIT ?[0m  [["id", 10], ["LIMIT", 1]]
  ↳ app/controllers/users_controller.rb:37:in `get_user'
Completed 200 OK in 100ms (Views: 3.1ms | ActiveRecord: 2.7ms | Allocations: 6199)


Processing by ItemsController#index as */*
  [1m[36mItem Load (0.4ms)[0m  [1m[34mSELECT "items".* FROM "items"[0m
  ↳ app/controllers/items_controller.rb:4:in `index'
Completed 200 OK in 22ms (Views: 20.7ms | ActiveRecord: 0.4ms | Allocations: 3049)


Started GET "/items" for ::1 at 2020-06-12 10:57:15 -0500
Started GET "/getuser" for ::1 at 2020-06-12 10:57:15 -0500
  [1m[35m (0.2ms)[0m  [1m[34mSELECT sqlite_version(*)[0m
  [1m[35m (0.1ms)[0m  [1m[34mSELECT sqlite_version(*)[0m
Processing by UsersController#get_user as */*
  [1m[36mUser Load (0.8ms)[0m  [1m[34mSELECT "users".* FROM "users" WHERE "users"."id" = ? LIMIT ?[0m  [["id", 30], ["LIMIT", 1]]
Processing by ItemsController#index as */*
  ↳ app/controllers/application_controller.rb:4:in `current_user'
  [1m[36mCACHE User Load (0.0ms)[0m  [1m[34mSELECT "users".* FROM "users" WHERE "users"."id" = ? LIMIT ?[0m  [["id", 30], ["LIMIT", 1]]
  [1m[36mItem Load (0.4ms)[0m  [1m[34mSELECT "items".* FROM "items"[0m
  ↳ app/controllers/application_controller.rb:4:in `current_user'
  ↳ app/controllers/items_controller.rb:4:in `index'
  [1m[36mCart Load (0.2ms)[0m  [1m[34mSELECT "carts".* FROM "carts" WHERE "carts"."user_id" = ? LIMIT ?[0m  [["user_id", 30], ["LIMIT", 1]]
Completed 200 OK in 59ms (Views: 51.9ms | ActiveRecord: 0.4ms | Allocations: 21608)


  ↳ app/controllers/users_controller.rb:37:in `get_user'
  [1m[36mCartItem Load (0.2ms)[0m  [1m[34mSELECT "cart_items".* FROM "cart_items" WHERE "cart_items"."cart_id" = ?[0m  [["cart_id", 5]]
  ↳ app/controllers/users_controller.rb:37:in `get_user'
  [1m[36mItem Load (0.2ms)[0m  [1m[34mSELECT "items".* FROM "items" WHERE "items"."id" = ? LIMIT ?[0m  [["id", 10], ["LIMIT", 1]]
  ↳ app/controllers/users_controller.rb:37:in `get_user'
Completed 200 OK in 107ms (Views: 0.7ms | ActiveRecord: 1.4ms | Allocations: 33665)


Started GET "/items" for ::1 at 2020-06-12 11:05:51 -0500
Started GET "/getuser" for ::1 at 2020-06-12 11:05:51 -0500
  [1m[35m (0.4ms)[0m  [1m[34mSELECT sqlite_version(*)[0m
  [1m[35m (0.2ms)[0m  [1m[34mSELECT sqlite_version(*)[0m
Processing by ItemsController#index as */*
  [1m[36mItem Load (0.6ms)[0m  [1m[34mSELECT "items".* FROM "items"[0m
Processing by UsersController#get_user as */*
  [1m[36mUser Load (0.8ms)[0m  [1m[34mSELECT "users".* FROM "users" WHERE "users"."id" = ? LIMIT ?[0m  [["id", 30], ["LIMIT", 1]]
  ↳ app/controllers/application_controller.rb:4:in `current_user'
  [1m[36mCACHE User Load (0.0ms)[0m  [1m[34mSELECT "users".* FROM "users" WHERE "users"."id" = ? LIMIT ?[0m  [["id", 30], ["LIMIT", 1]]
  ↳ app/controllers/application_controller.rb:4:in `current_user'
  ↳ app/controllers/items_controller.rb:4:in `index'
  [1m[36mCart Load (0.3ms)[0m  [1m[34mSELECT "carts".* FROM "carts" WHERE "carts"."user_id" = ? LIMIT ?[0m  [["user_id", 30], ["LIMIT", 1]]
Completed 200 OK in 135ms (Views: 119.7ms | ActiveRecord: 0.6ms | Allocations: 4480)


  ↳ app/controllers/users_controller.rb:37:in `get_user'
  [1m[36mCartItem Load (1.2ms)[0m  [1m[34mSELECT "cart_items".* FROM "cart_items" WHERE "cart_items"."cart_id" = ?[0m  [["cart_id", 5]]
  ↳ app/controllers/users_controller.rb:37:in `get_user'
  [1m[36mItem Load (0.4ms)[0m  [1m[34mSELECT "items".* FROM "items" WHERE "items"."id" = ? LIMIT ?[0m  [["id", 10], ["LIMIT", 1]]
  ↳ app/controllers/users_controller.rb:37:in `get_user'
Completed 200 OK in 355ms (Views: 0.9ms | ActiveRecord: 2.6ms | Allocations: 6990)


Started GET "/items" for ::1 at 2020-06-12 11:09:12 -0500
Started GET "/getuser" for ::1 at 2020-06-12 11:09:12 -0500
Processing by ItemsController#index as */*
  [1m[36mItem Load (0.5ms)[0m  [1m[34mSELECT "items".* FROM "items"[0m
  ↳ app/controllers/items_controller.rb:4:in `index'
Completed 200 OK in 9ms (Views: 8.0ms | ActiveRecord: 0.5ms | Allocations: 3055)


Processing by UsersController#get_user as */*
  [1m[36mUser Load (0.3ms)[0m  [1m[34mSELECT "users".* FROM "users" WHERE "users"."id" = ? LIMIT ?[0m  [["id", 30], ["LIMIT", 1]]
  ↳ app/controllers/application_controller.rb:4:in `current_user'
  [1m[36mCACHE User Load (0.0ms)[0m  [1m[34mSELECT "users".* FROM "users" WHERE "users"."id" = ? LIMIT ?[0m  [["id", 30], ["LIMIT", 1]]
  ↳ app/controllers/application_controller.rb:4:in `current_user'
  [1m[36mCart Load (0.2ms)[0m  [1m[34mSELECT "carts".* FROM "carts" WHERE "carts"."user_id" = ? LIMIT ?[0m  [["user_id", 30], ["LIMIT", 1]]
  ↳ app/controllers/users_controller.rb:37:in `get_user'
  [1m[36mCartItem Load (0.3ms)[0m  [1m[34mSELECT "cart_items".* FROM "cart_items" WHERE "cart_items"."cart_id" = ?[0m  [["cart_id", 5]]
  ↳ app/controllers/users_controller.rb:37:in `get_user'
  [1m[36mItem Load (0.5ms)[0m  [1m[34mSELECT "items".* FROM "items" WHERE "items"."id" = ? LIMIT ?[0m  [["id", 10], ["LIMIT", 1]]
  ↳ app/controllers/users_controller.rb:37:in `get_user'
Completed 200 OK in 12ms (Views: 0.9ms | ActiveRecord: 1.3ms | Allocations: 4066)


Started GET "/items" for ::1 at 2020-06-12 11:15:30 -0500
Started GET "/getuser" for ::1 at 2020-06-12 11:15:30 -0500
  [1m[35m (0.2ms)[0m  [1m[34mSELECT sqlite_version(*)[0m
  [1m[35m (0.1ms)[0m  [1m[34mSELECT sqlite_version(*)[0m
Processing by UsersController#get_user as */*
Processing by ItemsController#index as */*
  [1m[36mItem Load (0.5ms)[0m  [1m[34mSELECT "items".* FROM "items"[0m
  [1m[36mUser Load (0.2ms)[0m  [1m[34mSELECT "users".* FROM "users" WHERE "users"."id" = ? LIMIT ?[0m  [["id", 30], ["LIMIT", 1]]
  ↳ app/controllers/items_controller.rb:4:in `index'
Completed 200 OK in 24ms (Views: 20.9ms | ActiveRecord: 0.5ms | Allocations: 3762)


  ↳ app/controllers/application_controller.rb:4:in `current_user'
  [1m[36mCACHE User Load (0.0ms)[0m  [1m[34mSELECT "users".* FROM "users" WHERE "users"."id" = ? LIMIT ?[0m  [["id", 30], ["LIMIT", 1]]
  ↳ app/controllers/application_controller.rb:4:in `current_user'
  [1m[36mCart Load (0.4ms)[0m  [1m[34mSELECT "carts".* FROM "carts" WHERE "carts"."user_id" = ? LIMIT ?[0m  [["user_id", 30], ["LIMIT", 1]]
  ↳ app/controllers/users_controller.rb:37:in `get_user'
  [1m[36mCartItem Load (0.3ms)[0m  [1m[34mSELECT "cart_items".* FROM "cart_items" WHERE "cart_items"."cart_id" = ?[0m  [["cart_id", 5]]
  ↳ app/controllers/users_controller.rb:37:in `get_user'
  [1m[36mItem Load (0.5ms)[0m  [1m[34mSELECT "items".* FROM "items" WHERE "items"."id" = ? LIMIT ?[0m  [["id", 10], ["LIMIT", 1]]
  ↳ app/controllers/users_controller.rb:37:in `get_user'
Completed 200 OK in 52ms (Views: 1.7ms | ActiveRecord: 1.4ms | Allocations: 7353)


Started GET "/items" for ::1 at 2020-06-12 11:16:37 -0500
Started GET "/getuser" for ::1 at 2020-06-12 11:16:37 -0500
Processing by ItemsController#index as */*
Processing by UsersController#get_user as */*
  [1m[36mItem Load (15.5ms)[0m  [1m[34mSELECT "items".* FROM "items"[0m
  [1m[36mUser Load (1.3ms)[0m  [1m[34mSELECT "users".* FROM "users" WHERE "users"."id" = ? LIMIT ?[0m  [["id", 30], ["LIMIT", 1]]
  ↳ app/controllers/items_controller.rb:4:in `index'
  ↳ app/controllers/application_controller.rb:4:in `current_user'
  [1m[36mCACHE User Load (0.0ms)[0m  [1m[34mSELECT "users".* FROM "users" WHERE "users"."id" = ? LIMIT ?[0m  [["id", 30], ["LIMIT", 1]]
Completed 200 OK in 80ms (Views: 63.5ms | ActiveRecord: 15.5ms | Allocations: 3769)


  ↳ app/controllers/application_controller.rb:4:in `current_user'
  [1m[36mCart Load (0.3ms)[0m  [1m[34mSELECT "carts".* FROM "carts" WHERE "carts"."user_id" = ? LIMIT ?[0m  [["user_id", 30], ["LIMIT", 1]]
  ↳ app/controllers/users_controller.rb:37:in `get_user'
  [1m[36mCartItem Load (0.2ms)[0m  [1m[34mSELECT "cart_items".* FROM "cart_items" WHERE "cart_items"."cart_id" = ?[0m  [["cart_id", 5]]
  ↳ app/controllers/users_controller.rb:37:in `get_user'
  [1m[36mItem Load (0.3ms)[0m  [1m[34mSELECT "items".* FROM "items" WHERE "items"."id" = ? LIMIT ?[0m  [["id", 10], ["LIMIT", 1]]
  ↳ app/controllers/users_controller.rb:37:in `get_user'
Completed 200 OK in 107ms (Views: 4.6ms | ActiveRecord: 2.2ms | Allocations: 7100)


