  [1m[35m (1.1ms)[0m  [1m[34mSELECT sqlite_version(*)[0m
  [1m[35m (0.6ms)[0m  [1m[34mSELECT "schema_migrations"."version" FROM "schema_migrations" ORDER BY "schema_migrations"."version" ASC[0m
Migrating to AddColumnToOrders (20200612200201)
  [1m[35m (0.1ms)[0m  [1m[36mbegin transaction[0m
  [1m[35m (2.2ms)[0m  [1m[35mALTER TABLE "orders" ADD "address" varchar[0m
  [1m[36mprimary::SchemaMigration Create (2.2ms)[0m  [1m[32mINSERT INTO "schema_migrations" ("version") VALUES (?)[0m  [["version", "20200612200201"]]
  [1m[35m (1.1ms)[0m  [1m[36mcommit transaction[0m
  [1m[36mActiveRecord::InternalMetadata Load (0.9ms)[0m  [1m[34mSELECT "ar_internal_metadata".* FROM "ar_internal_metadata" WHERE "ar_internal_metadata"."key" = ? LIMIT ?[0m  [["key", "environment"], ["LIMIT", 1]]
  [1m[35m (0.1ms)[0m  [1m[34mSELECT sqlite_version(*)[0m
  [1m[35m (0.1ms)[0m  [1m[34mSELECT "schema_migrations"."version" FROM "schema_migrations" ORDER BY "schema_migrations"."version" ASC[0m
Started GET "/getuser" for ::1 at 2020-06-12 15:52:48 -0500
Started GET "/items" for ::1 at 2020-06-12 15:52:48 -0500
  [1m[35m (0.8ms)[0m  [1m[34mSELECT sqlite_version(*)[0m
  [1m[35m (0.2ms)[0m  [1m[34mSELECT sqlite_version(*)[0m
  [1m[35m (0.2ms)[0m  [1m[34mSELECT "schema_migrations"."version" FROM "schema_migrations" ORDER BY "schema_migrations"."version" ASC[0m
Processing by ItemsController#index as */*
  [1m[35m (0.1ms)[0m  [1m[34mSELECT "schema_migrations"."version" FROM "schema_migrations" ORDER BY "schema_migrations"."version" ASC[0m
  [1m[36mItem Load (0.3ms)[0m  [1m[34mSELECT "items".* FROM "items"[0m
Processing by UsersController#get_user as */*
  ↳ app/controllers/items_controller.rb:4:in `index'
Completed 200 OK in 74ms (Views: 64.3ms | ActiveRecord: 1.0ms | Allocations: 20739)


  [1m[36mUser Load (0.1ms)[0m  [1m[34mSELECT "users".* FROM "users" WHERE "users"."id" = ? LIMIT ?[0m  [["id", 30], ["LIMIT", 1]]
  ↳ app/controllers/application_controller.rb:4:in `current_user'
  [1m[36mCACHE User Load (0.5ms)[0m  [1m[34mSELECT "users".* FROM "users" WHERE "users"."id" = ? LIMIT ?[0m  [["id", 30], ["LIMIT", 1]]
  ↳ app/controllers/application_controller.rb:4:in `current_user'
  [1m[36mCart Load (0.4ms)[0m  [1m[34mSELECT "carts".* FROM "carts" WHERE "carts"."user_id" = ? LIMIT ?[0m  [["user_id", 30], ["LIMIT", 1]]
  ↳ app/controllers/users_controller.rb:37:in `get_user'
  [1m[36mCartItem Load (0.2ms)[0m  [1m[34mSELECT "cart_items".* FROM "cart_items" WHERE "cart_items"."cart_id" = ?[0m  [["cart_id", 5]]
  ↳ app/controllers/users_controller.rb:37:in `get_user'
  [1m[36mItem Load (0.2ms)[0m  [1m[34mSELECT "items".* FROM "items" WHERE "items"."id" = ? LIMIT ?[0m  [["id", 10], ["LIMIT", 1]]
  ↳ app/controllers/users_controller.rb:37:in `get_user'
Completed 200 OK in 293ms (Views: 0.7ms | ActiveRecord: 4.4ms | Allocations: 35077)


Started GET "/items" for ::1 at 2020-06-12 15:56:14 -0500
Processing by ItemsController#index as */*
  [1m[36mItem Load (0.3ms)[0m  [1m[34mSELECT "items".* FROM "items"[0m
  ↳ app/controllers/items_controller.rb:4:in `index'
Completed 200 OK in 6ms (Views: 5.3ms | ActiveRecord: 0.3ms | Allocations: 3047)


Started GET "/getuser" for ::1 at 2020-06-12 15:56:14 -0500
Processing by UsersController#get_user as */*
  [1m[36mUser Load (0.2ms)[0m  [1m[34mSELECT "users".* FROM "users" WHERE "users"."id" = ? LIMIT ?[0m  [["id", 30], ["LIMIT", 1]]
  ↳ app/controllers/application_controller.rb:4:in `current_user'
  [1m[36mCACHE User Load (0.0ms)[0m  [1m[34mSELECT "users".* FROM "users" WHERE "users"."id" = ? LIMIT ?[0m  [["id", 30], ["LIMIT", 1]]
  ↳ app/controllers/application_controller.rb:4:in `current_user'
  [1m[36mCart Load (0.2ms)[0m  [1m[34mSELECT "carts".* FROM "carts" WHERE "carts"."user_id" = ? LIMIT ?[0m  [["user_id", 30], ["LIMIT", 1]]
  ↳ app/controllers/users_controller.rb:37:in `get_user'
  [1m[36mCartItem Load (0.3ms)[0m  [1m[34mSELECT "cart_items".* FROM "cart_items" WHERE "cart_items"."cart_id" = ?[0m  [["cart_id", 5]]
  ↳ app/controllers/users_controller.rb:37:in `get_user'
  [1m[36mItem Load (0.2ms)[0m  [1m[34mSELECT "items".* FROM "items" WHERE "items"."id" = ? LIMIT ?[0m  [["id", 10], ["LIMIT", 1]]
  ↳ app/controllers/users_controller.rb:37:in `get_user'
Completed 200 OK in 12ms (Views: 0.8ms | ActiveRecord: 0.9ms | Allocations: 3997)


Started POST "/charges" for ::1 at 2020-06-12 15:56:26 -0500
  
SyntaxError (/Users/faizahAhsan/Desktop/Flatironlabs/Mod-5-project/backend/app/controllers/charges_controller.rb:15: syntax error, unexpected ',', expecting =>
...        currency: 'usd', "bdt",
...                              ^
/Users/faizahAhsan/Desktop/Flatironlabs/Mod-5-project/backend/app/controllers/charges_controller.rb:17: syntax error, unexpected ',', expecting end
...   description: "Test Charge!",
...                              ^
/Users/faizahAhsan/Desktop/Flatironlabs/Mod-5-project/backend/app/controllers/charges_controller.rb:20: syntax error, unexpected end-of-input, expecting end):
  
app/controllers/charges_controller.rb:15: syntax error, unexpected ',', expecting =>
app/controllers/charges_controller.rb:17: syntax error, unexpected ',', expecting end
app/controllers/charges_controller.rb:20: syntax error, unexpected end-of-input, expecting end
app/controllers/charges_controller.rb:15: syntax error, unexpected ',', expecting =>
app/controllers/charges_controller.rb:17: syntax error, unexpected ',', expecting end
app/controllers/charges_controller.rb:20: syntax error, unexpected end-of-input, expecting end
Started POST "/orders" for ::1 at 2020-06-12 15:56:26 -0500
  
SyntaxError (/Users/faizahAhsan/Desktop/Flatironlabs/Mod-5-project/backend/app/controllers/orders_controller.rb:18: syntax error, unexpected =>
...render(json: order, include: =>[user.cart.cart_items])
...                             ^~
/Users/faizahAhsan/Desktop/Flatironlabs/Mod-5-project/backend/app/controllers/orders_controller.rb:18: syntax error, unexpected ')', expecting end
...lude: =>[user.cart.cart_items])
...                              ^):
  
app/controllers/orders_controller.rb:18: syntax error, unexpected =>
app/controllers/orders_controller.rb:18: syntax error, unexpected ')', expecting end
app/controllers/orders_controller.rb:18: syntax error, unexpected =>
app/controllers/orders_controller.rb:18: syntax error, unexpected ')', expecting end
Started PATCH "/cart_items/105" for ::1 at 2020-06-12 15:57:08 -0500
Processing by CartItemsController#update as */*
  Parameters: {"cartItem"=>{"id"=>105, "cart_id"=>5, "item_id"=>10, "quantity"=>2, "size"=>"L", "item"=>{"id"=>10, "name"=>"Minty Affair", "sku_number"=>"FADPBK2003", "color"=>"Mint", "size_s_quantity"=>0, "size_m_quantity"=>0, "size_l_quantity"=>1, "size_xl_quantity"=>0, "description"=>"Double georgette kurti with pipe and thread embroidery.", "image"=>"https://scontent.fhou1-1.fna.fbcdn.net/v/t1.0-9/96535169_1035605730170095_600926135856922624_n.jpg?_nc_cat=111&_nc_sid=110474&_nc_ohc=poLT-l-vFqkAX_Ap8fU&_nc_ht=scontent.fhou1-1.fna&oh=99ac50a9e194081246e3d91b813e7356&oe=5EFD11A4", "price"=>35, "category"=>"Kurtis", "created_at"=>"2020-06-11T02:00:18.567Z", "updated_at"=>"2020-06-11T02:00:18.567Z"}}, "quantity"=>1, "id"=>"105", "cart_item"=>{"quantity"=>1}}
  [1m[36mCartItem Load (0.3ms)[0m  [1m[34mSELECT "cart_items".* FROM "cart_items" WHERE "cart_items"."id" = ? LIMIT ?[0m  [["id", 105], ["LIMIT", 1]]
  ↳ app/controllers/cart_items_controller.rb:24:in `update'
  [1m[35m (0.1ms)[0m  [1m[36mbegin transaction[0m
  ↳ app/controllers/cart_items_controller.rb:35:in `update'
  [1m[36mCart Load (0.2ms)[0m  [1m[34mSELECT "carts".* FROM "carts" WHERE "carts"."id" = ? LIMIT ?[0m  [["id", 5], ["LIMIT", 1]]
  ↳ app/controllers/cart_items_controller.rb:35:in `update'
  [1m[36mItem Load (0.1ms)[0m  [1m[34mSELECT "items".* FROM "items" WHERE "items"."id" = ? LIMIT ?[0m  [["id", 10], ["LIMIT", 1]]
  ↳ app/controllers/cart_items_controller.rb:35:in `update'
  [1m[36mCartItem Update (2.6ms)[0m  [1m[33mUPDATE "cart_items" SET "quantity" = ? WHERE "cart_items"."id" = ?[0m  [["quantity", 1], ["id", 105]]
  ↳ app/controllers/cart_items_controller.rb:35:in `update'
  [1m[35m (1.8ms)[0m  [1m[36mcommit transaction[0m
  ↳ app/controllers/cart_items_controller.rb:35:in `update'
Completed 200 OK in 20ms (Views: 0.6ms | ActiveRecord: 5.0ms | Allocations: 6113)


Started PATCH "/cart_items/105" for ::1 at 2020-06-12 15:57:09 -0500
Processing by CartItemsController#update as */*
  Parameters: {"cartItem"=>{"id"=>105, "quantity"=>1, "cart_id"=>5, "item_id"=>10, "size"=>"L", "item"=>{"id"=>10, "name"=>"Minty Affair", "sku_number"=>"FADPBK2003", "color"=>"Mint", "size_s_quantity"=>0, "size_m_quantity"=>0, "size_l_quantity"=>1, "size_xl_quantity"=>0, "description"=>"Double georgette kurti with pipe and thread embroidery.", "image"=>"https://scontent.fhou1-1.fna.fbcdn.net/v/t1.0-9/96535169_1035605730170095_600926135856922624_n.jpg?_nc_cat=111&_nc_sid=110474&_nc_ohc=poLT-l-vFqkAX_Ap8fU&_nc_ht=scontent.fhou1-1.fna&oh=99ac50a9e194081246e3d91b813e7356&oe=5EFD11A4", "price"=>35, "category"=>"Kurtis", "created_at"=>"2020-06-11T02:00:18.567Z", "updated_at"=>"2020-06-11T02:00:18.567Z"}}, "quantity"=>2, "id"=>"105", "cart_item"=>{"quantity"=>2}}
  [1m[36mCartItem Load (0.2ms)[0m  [1m[34mSELECT "cart_items".* FROM "cart_items" WHERE "cart_items"."id" = ? LIMIT ?[0m  [["id", 105], ["LIMIT", 1]]
  ↳ app/controllers/cart_items_controller.rb:24:in `update'
  [1m[35m (0.1ms)[0m  [1m[36mbegin transaction[0m
  ↳ app/controllers/cart_items_controller.rb:35:in `update'
  [1m[36mCart Load (0.2ms)[0m  [1m[34mSELECT "carts".* FROM "carts" WHERE "carts"."id" = ? LIMIT ?[0m  [["id", 5], ["LIMIT", 1]]
  ↳ app/controllers/cart_items_controller.rb:35:in `update'
  [1m[36mItem Load (0.1ms)[0m  [1m[34mSELECT "items".* FROM "items" WHERE "items"."id" = ? LIMIT ?[0m  [["id", 10], ["LIMIT", 1]]
  ↳ app/controllers/cart_items_controller.rb:35:in `update'
  [1m[36mCartItem Update (0.5ms)[0m  [1m[33mUPDATE "cart_items" SET "quantity" = ? WHERE "cart_items"."id" = ?[0m  [["quantity", 2], ["id", 105]]
  ↳ app/controllers/cart_items_controller.rb:35:in `update'
  [1m[35m (4.1ms)[0m  [1m[36mcommit transaction[0m
  ↳ app/controllers/cart_items_controller.rb:35:in `update'
Completed 200 OK in 15ms (Views: 0.6ms | ActiveRecord: 5.2ms | Allocations: 5569)


Started PATCH "/cart_items/105" for ::1 at 2020-06-12 15:57:10 -0500
Processing by CartItemsController#update as */*
  Parameters: {"cartItem"=>{"id"=>105, "quantity"=>2, "cart_id"=>5, "item_id"=>10, "size"=>"L", "item"=>{"id"=>10, "name"=>"Minty Affair", "sku_number"=>"FADPBK2003", "color"=>"Mint", "size_s_quantity"=>0, "size_m_quantity"=>0, "size_l_quantity"=>1, "size_xl_quantity"=>0, "description"=>"Double georgette kurti with pipe and thread embroidery.", "image"=>"https://scontent.fhou1-1.fna.fbcdn.net/v/t1.0-9/96535169_1035605730170095_600926135856922624_n.jpg?_nc_cat=111&_nc_sid=110474&_nc_ohc=poLT-l-vFqkAX_Ap8fU&_nc_ht=scontent.fhou1-1.fna&oh=99ac50a9e194081246e3d91b813e7356&oe=5EFD11A4", "price"=>35, "category"=>"Kurtis", "created_at"=>"2020-06-11T02:00:18.567Z", "updated_at"=>"2020-06-11T02:00:18.567Z"}}, "quantity"=>3, "id"=>"105", "cart_item"=>{"quantity"=>3}}
  [1m[36mCartItem Load (0.2ms)[0m  [1m[34mSELECT "cart_items".* FROM "cart_items" WHERE "cart_items"."id" = ? LIMIT ?[0m  [["id", 105], ["LIMIT", 1]]
  ↳ app/controllers/cart_items_controller.rb:24:in `update'
  [1m[35m (0.1ms)[0m  [1m[36mbegin transaction[0m
  ↳ app/controllers/cart_items_controller.rb:35:in `update'
  [1m[36mCart Load (0.2ms)[0m  [1m[34mSELECT "carts".* FROM "carts" WHERE "carts"."id" = ? LIMIT ?[0m  [["id", 5], ["LIMIT", 1]]
  ↳ app/controllers/cart_items_controller.rb:35:in `update'
  [1m[36mItem Load (0.1ms)[0m  [1m[34mSELECT "items".* FROM "items" WHERE "items"."id" = ? LIMIT ?[0m  [["id", 10], ["LIMIT", 1]]
  ↳ app/controllers/cart_items_controller.rb:35:in `update'
  [1m[36mCartItem Update (0.6ms)[0m  [1m[33mUPDATE "cart_items" SET "quantity" = ? WHERE "cart_items"."id" = ?[0m  [["quantity", 3], ["id", 105]]
  ↳ app/controllers/cart_items_controller.rb:35:in `update'
  [1m[35m (2.3ms)[0m  [1m[36mcommit transaction[0m
  ↳ app/controllers/cart_items_controller.rb:35:in `update'
Completed 200 OK in 16ms (Views: 0.6ms | ActiveRecord: 3.5ms | Allocations: 5569)


