Started GET "/items" for ::1 at 2020-06-13 14:40:44 -0500
Started GET "/getuser" for ::1 at 2020-06-13 14:40:44 -0500
  [1m[35m (1.1ms)[0m  [1m[34mSELECT sqlite_version(*)[0m
  [1m[35m (0.1ms)[0m  [1m[34mSELECT sqlite_version(*)[0m
  [1m[35m (0.5ms)[0m  [1m[34mSELECT "schema_migrations"."version" FROM "schema_migrations" ORDER BY "schema_migrations"."version" ASC[0m
  [1m[35m (0.1ms)[0m  [1m[34mSELECT "schema_migrations"."version" FROM "schema_migrations" ORDER BY "schema_migrations"."version" ASC[0m
Processing by ItemsController#index as */*
Processing by UsersController#get_user as */*
Completed 404 Not Found in 16ms (ActiveRecord: 0.8ms | Allocations: 3615)


  [1m[36mItem Load (0.6ms)[0m  [1m[34mSELECT "items".* FROM "items"[0m
  
ActiveRecord::RecordNotFound (Couldn't find User without an ID):
  
app/controllers/application_controller.rb:4:in `current_user'
app/controllers/users_controller.rb:37:in `get_user'
  ↳ app/controllers/items_controller.rb:4:in `index'
Completed 200 OK in 134ms (Views: 121.1ms | ActiveRecord: 5.5ms | Allocations: 53536)


Started POST "/login" for ::1 at 2020-06-13 14:40:57 -0500
Processing by AuthenticationController#login as */*
  Parameters: {"email"=>"tasfia@gmail.com", "password"=>"[FILTERED]", "authentication"=>{"email"=>"tasfia@gmail.com", "password"=>"[FILTERED]"}}
  [1m[36mUser Load (0.5ms)[0m  [1m[34mSELECT "users".* FROM "users" WHERE "users"."email" = ? LIMIT ?[0m  [["email", "tasfia@gmail.com"], ["LIMIT", 1]]
  ↳ app/controllers/authentication_controller.rb:5:in `login'
Completed 200 OK in 3ms (Views: 0.3ms | ActiveRecord: 0.5ms | Allocations: 863)


Started POST "/login" for ::1 at 2020-06-13 14:41:40 -0500
Processing by AuthenticationController#login as */*
  Parameters: {"email"=>"testuser@gmail.com", "password"=>"[FILTERED]", "authentication"=>{"email"=>"testuser@gmail.com", "password"=>"[FILTERED]"}}
  [1m[36mUser Load (0.1ms)[0m  [1m[34mSELECT "users".* FROM "users" WHERE "users"."email" = ? LIMIT ?[0m  [["email", "testuser@gmail.com"], ["LIMIT", 1]]
  ↳ app/controllers/authentication_controller.rb:5:in `login'
  [1m[36mCart Load (0.5ms)[0m  [1m[34mSELECT "carts".* FROM "carts" WHERE "carts"."user_id" = ? LIMIT ?[0m  [["user_id", 30], ["LIMIT", 1]]
  ↳ app/controllers/authentication_controller.rb:8:in `login'
  [1m[36mCartItem Load (0.5ms)[0m  [1m[34mSELECT "cart_items".* FROM "cart_items" WHERE "cart_items"."cart_id" = ?[0m  [["cart_id", 5]]
  ↳ app/controllers/authentication_controller.rb:8:in `login'
Completed 200 OK in 307ms (Views: 0.5ms | ActiveRecord: 2.2ms | Allocations: 15715)


Started GET "/logout" for ::1 at 2020-06-13 14:41:44 -0500
Processing by AuthenticationController#logout as */*
  Parameters: {"authentication"=>{}}
Completed 200 OK in 1ms (Views: 0.2ms | ActiveRecord: 0.0ms | Allocations: 283)


Started POST "/users" for ::1 at 2020-06-13 14:42:01 -0500
Processing by UsersController#create as */*
  Parameters: {"initialValues"=>{"first_name"=>"", "last_name"=>"", "email"=>"", "password"=>"[FILTERED]", "phone_number"=>"", "address"=>""}, "first_Name"=>"FAIZAH", "last_Name"=>"AHSAN", "email"=>"ahsan@gmail.com", "password"=>"[FILTERED]", "phone_number"=>"8322970485", "address"=>"7510 Burgoyne Rd apt#1220", "user"=>{"email"=>"ahsan@gmail.com", "phone_number"=>"8322970485", "address"=>"7510 Burgoyne Rd apt#1220"}}
  [1m[36mUser Load (0.2ms)[0m  [1m[34mSELECT "users".* FROM "users" WHERE "users"."email" = ? LIMIT ?[0m  [["email", "ahsan@gmail.com"], ["LIMIT", 1]]
  ↳ app/controllers/users_controller.rb:10:in `create'
  [1m[35m (0.1ms)[0m  [1m[36mbegin transaction[0m
  ↳ app/controllers/users_controller.rb:12:in `create'
  [1m[36mUser Create (2.3ms)[0m  [1m[32mINSERT INTO "users" ("first_name", "last_name", "email", "password_digest", "phone_number", "address", "created_at", "updated_at") VALUES (?, ?, ?, ?, ?, ?, ?, ?)[0m  [["first_name", "FAIZAH"], ["last_name", "AHSAN"], ["email", "ahsan@gmail.com"], ["password_digest", "$2a$12$rzH9KLPf/Dk835xz8GnJXeYTBZcygyC9V2ArPsNHOWFBZu9jQvCre"], ["phone_number", 8322970485], ["address", "7510 Burgoyne Rd apt#1220"], ["created_at", "2020-06-13 19:42:02.088808"], ["updated_at", "2020-06-13 19:42:02.088808"]]
  ↳ app/controllers/users_controller.rb:12:in `create'
  [1m[35m (1.3ms)[0m  [1m[36mcommit transaction[0m
  ↳ app/controllers/users_controller.rb:12:in `create'
  [1m[35m (0.0ms)[0m  [1m[36mbegin transaction[0m
  ↳ app/controllers/users_controller.rb:20:in `create'
  [1m[36mUser Load (0.5ms)[0m  [1m[34mSELECT "users".* FROM "users" WHERE "users"."id" = ? LIMIT ?[0m  [["id", 33], ["LIMIT", 1]]
  ↳ app/controllers/users_controller.rb:20:in `create'
  [1m[36mCart Create (0.5ms)[0m  [1m[32mINSERT INTO "carts" ("user_id") VALUES (?)[0m  [["user_id", 33]]
  ↳ app/controllers/users_controller.rb:20:in `create'
  [1m[35m (1.1ms)[0m  [1m[36mcommit transaction[0m
  ↳ app/controllers/users_controller.rb:20:in `create'
  [1m[36mCart Load (0.1ms)[0m  [1m[34mSELECT "carts".* FROM "carts" WHERE "carts"."user_id" = ? LIMIT ?[0m  [["user_id", 33], ["LIMIT", 1]]
  ↳ app/controllers/users_controller.rb:23:in `create'
Completed 500 Internal Server Error in 306ms (ActiveRecord: 6.2ms | Allocations: 10688)


  
NoMethodError (undefined method `cart_items' for #<User:0x00007f87e82be428>):
  
app/controllers/users_controller.rb:23:in `create'
